<?xml version="1.0" encoding="UTF-8"?>
<testng-results ignored="0" total="2" passed="2" failed="0" skipped="0">
  <reporter-output>
  </reporter-output>
  <suite started-at="2022-10-14T20:16:15 EDT" name="bank suite" finished-at="2022-10-14T20:16:39 EDT" duration-ms="24427">
    <groups>
    </groups>
    <test started-at="2022-10-14T20:16:15 EDT" name="bank test" finished-at="2022-10-14T20:16:39 EDT" duration-ms="24427">
      <class name="Banktests.BankTests">
        <test-method is-config="true" signature="setup()[pri:0, instance:Banktests.BankTests@3c947bc5]" started-at="2022-10-14T20:16:15 EDT" name="setup" finished-at="2022-10-14T20:16:22 EDT" duration-ms="6790" status="PASS">
          <reporter-output>
          </reporter-output>
        </test-method> <!-- setup -->
        <test-method is-config="true" signature="setup()[pri:0, instance:Banktests.BankTests@3c947bc5]" started-at="2022-10-14T20:16:15 EDT" name="setup" finished-at="2022-10-14T20:16:22 EDT" duration-ms="6767" status="PASS">
          <reporter-output>
          </reporter-output>
        </test-method> <!-- setup -->
        <test-method signature="testAddCustomerOpenAccountDeleteCustomer()[pri:0, instance:Banktests.BankTests@3c947bc5]" started-at="2022-10-14T20:16:22 EDT" name="testAddCustomerOpenAccountDeleteCustomer" finished-at="2022-10-14T20:16:33 EDT" duration-ms="11334" status="PASS">
          <reporter-output>
          </reporter-output>
        </test-method> <!-- testAddCustomerOpenAccountDeleteCustomer -->
        <test-method signature="testAddCustomerOpenAccountDepositAndWithdraw()[pri:0, instance:Banktests.BankTests@3c947bc5]" started-at="2022-10-14T20:16:22 EDT" name="testAddCustomerOpenAccountDepositAndWithdraw" finished-at="2022-10-14T20:16:39 EDT" duration-ms="17488" status="PASS">
          <reporter-output>
          </reporter-output>
        </test-method> <!-- testAddCustomerOpenAccountDepositAndWithdraw -->
      </class> <!-- Banktests.BankTests -->
    </test> <!-- bank test -->
  </suite> <!-- bank suite -->
</testng-results>
