<?xml version="1.0" encoding="UTF-8"?>
<!-- Generated by org.testng.reporters.JUnitXMLReporter -->
<testsuite ignored="0" hostname="HARSHAs-Air.ht.home" failures="0" tests="2" name="bank test" time="24.427" errors="0" timestamp="2022-10-14T20:16:39 EDT">
  <testcase classname="Banktests.BankTests" name="testAddCustomerOpenAccountDeleteCustomer" time="11.334"/>
  <testcase classname="Banktests.BankTests" name="testAddCustomerOpenAccountDepositAndWithdraw" time="17.488"/>
</testsuite> <!-- bank test -->
